TN:interface_test
SF:/usr/include/c++/7/iostream
DA:74,1
LF:1
LH:1
end_of_record
SF:/usr/include/gtest/gtest.h
FN:2232,_Z13RUN_ALL_TESTSv
FNDA:1,_Z13RUN_ALL_TESTSv
FNF:1
FNH:1
DA:2232,1
DA:2233,1
LF:2
LH:2
end_of_record
SF:/usr/src/googletest/googletest/src/gtest_main.cc
FN:34,main
FN:38,_Z41__static_initialization_and_destruction_0ii
FN:38,_GLOBAL__sub_I_main
FNDA:1,main
FNDA:1,_GLOBAL__sub_I_main
FNDA:1,_Z41__static_initialization_and_destruction_0ii
FNF:3
FNH:3
DA:34,1
DA:35,1
DA:36,1
DA:37,1
DA:38,3
LF:5
LH:5
end_of_record
TN:interface_test
SF:/home/simon/Documents/code/sangfor/cvJson/src/jsonfunctiony.c
FN:18,_Z11printprefixP8_IO_FILE
FN:43,_Z16json_create_boolPKcS0_
FN:66,_Z15json_create_intPKci
FN:78,_Z15json_create_strPKcS0_
FN:90,_Z16json_create_jsonPKcP4Json
FN:102,_Z15json_create_arrPKcP5array
FN:114,_Z14arr_create_inti
FN:126,_Z15arr_create_boolPKc
FN:147,_Z14arr_create_strPKc
FN:159,_Z15arr_create_jsonP4Json
FN:171,_Z14arr_create_arrP5array
FN:183,_Z13print_arrNodeP9arrayNodeP8_IO_FILE
FN:221,_Z9print_arrPK5arrayP8_IO_FILE
FN:234,_Z14print_jsonNodeP8JsonNodeP8_IO_FILE
FN:282,_Z10print_jsonPK4JsonP8_IO_FILE
FNDA:22,_Z11printprefixP8_IO_FILE
FNDA:6,_Z16json_create_boolPKcS0_
FNDA:8,_Z15json_create_intPKci
FNDA:15,_Z15json_create_strPKcS0_
FNDA:5,_Z16json_create_jsonPKcP4Json
FNDA:6,_Z15json_create_arrPKcP5array
FNDA:4,_Z14arr_create_inti
FNDA:2,_Z15arr_create_boolPKc
FNDA:8,_Z14arr_create_strPKc
FNDA:4,_Z15arr_create_jsonP4Json
FNDA:1,_Z14arr_create_arrP5array
FNDA:10,_Z13print_arrNodeP9arrayNodeP8_IO_FILE
FNDA:3,_Z9print_arrPK5arrayP8_IO_FILE
FNDA:24,_Z14print_jsonNodeP8JsonNodeP8_IO_FILE
FNDA:5,_Z10print_jsonPK4JsonP8_IO_FILE
FNF:15
FNH:15
DA:18,22
DA:19,22
DA:20,0
DA:21,22
DA:27,79
DA:28,57
DA:30,35
DA:31,24
DA:33,11
DA:34,5
DA:35,6
DA:36,2
DA:37,4
DA:38,2
DA:39,57
DA:43,6
DA:45,6
DA:46,6
DA:47,0
DA:48,6
DA:49,6
DA:50,6
DA:52,5
DA:53,5
DA:54,5
DA:56,1
DA:58,1
DA:59,1
DA:60,1
DA:63,0
DA:66,8
DA:68,8
DA:69,8
DA:70,0
DA:71,8
DA:72,8
DA:73,8
DA:74,8
DA:75,8
DA:78,15
DA:80,15
DA:81,15
DA:82,0
DA:83,15
DA:84,15
DA:85,15
DA:86,15
DA:87,15
DA:90,5
DA:92,5
DA:93,5
DA:94,0
DA:95,5
DA:96,5
DA:97,5
DA:98,5
DA:99,5
DA:102,6
DA:104,6
DA:105,6
DA:106,0
DA:107,6
DA:108,6
DA:109,6
DA:110,6
DA:111,6
DA:114,4
DA:116,4
DA:117,4
DA:118,0
DA:119,4
DA:120,4
DA:121,4
DA:122,4
DA:123,4
DA:126,2
DA:128,2
DA:129,2
DA:130,0
DA:131,2
DA:132,2
DA:133,2
DA:134,2
DA:136,2
DA:138,0
DA:140,0
DA:143,0
DA:144,2
DA:147,8
DA:149,8
DA:150,8
DA:151,0
DA:152,8
DA:153,8
DA:154,8
DA:155,8
DA:156,8
DA:159,4
DA:161,4
DA:162,4
DA:163,0
DA:164,4
DA:165,4
DA:166,4
DA:167,4
DA:168,4
DA:171,1
DA:173,1
DA:174,1
DA:175,0
DA:176,1
DA:177,1
DA:178,1
DA:179,1
DA:180,1
DA:183,10
DA:185,10
DA:186,3
DA:187,7
DA:188,7
DA:190,3
DA:191,3
DA:192,3
DA:193,3
DA:194,0
DA:195,0
DA:196,0
DA:197,0
DA:198,0
DA:199,0
DA:200,0
DA:201,0
DA:202,0
DA:203,0
DA:204,0
DA:205,0
DA:206,2
DA:207,2
DA:208,2
DA:209,2
DA:210,2
DA:211,2
DA:212,2
DA:213,0
DA:214,0
DA:215,0
DA:216,0
DA:217,0
DA:221,3
DA:223,3
DA:224,3
DA:225,3
DA:226,3
DA:228,3
DA:230,3
DA:231,3
DA:232,3
DA:234,24
DA:236,24
DA:237,5
DA:238,19
DA:239,19
DA:241,3
DA:242,3
DA:243,3
DA:244,3
DA:245,3
DA:246,1
DA:247,1
DA:248,1
DA:249,1
DA:250,1
DA:251,0
DA:252,0
DA:253,0
DA:254,0
DA:255,0
DA:256,0
DA:257,0
DA:258,0
DA:259,0
DA:260,0
DA:261,10
DA:262,10
DA:263,10
DA:264,10
DA:265,10
DA:266,2
DA:267,2
DA:268,2
DA:269,2
DA:270,2
DA:271,3
DA:272,3
DA:273,3
DA:274,3
DA:275,3
DA:276,3
DA:277,0
DA:278,0
DA:282,5
DA:285,5
DA:286,5
DA:288,5
DA:289,5
DA:290,5
DA:292,5
DA:293,5
DA:295,5
LF:209
LH:165
end_of_record
TN:interface_test
SF:/home/simon/Documents/code/sangfor/cvJson/src/jsonfunctionq.c
FN:17,_Z12json_new_objv
FN:27,_Z12json_new_arrv
FN:38,_Z12json_add_objP4JsonP8JsonNode
FN:64,_Z14json_check_keyP4JsonPKc
FN:77,_Z16json_search_nodeP4JsonPKc
FN:85,_Z15arr_search_nodeP5arrayi
FN:98,_Z11arr_add_objP5arrayP9arrayNode
FN:124,_Z12json_get_intP4JsonPKc
FN:134,_Z13json_get_boolP4JsonPKc
FN:145,_Z12json_get_strP4JsonPKc
FN:156,_Z17json_get_arr_jsonP4JsonPKci
FN:168,_Z13json_get_jsonP4JsonPKc
FNDA:22,_Z12json_new_objv
FNDA:14,_Z12json_new_arrv
FNDA:39,_Z12json_add_objP4JsonP8JsonNode
FNDA:39,_Z14json_check_keyP4JsonPKc
FNDA:53,_Z16json_search_nodeP4JsonPKc
FNDA:1,_Z15arr_search_nodeP5arrayi
FNDA:18,_Z11arr_add_objP5arrayP9arrayNode
FNDA:4,_Z12json_get_intP4JsonPKc
FNDA:3,_Z13json_get_boolP4JsonPKc
FNDA:3,_Z12json_get_strP4JsonPKc
FNDA:2,_Z17json_get_arr_jsonP4JsonPKci
FNDA:2,_Z13json_get_jsonP4JsonPKc
FNF:12
FNH:12
DA:17,22
DA:18,22
DA:20,22
DA:21,0
DA:23,22
DA:24,22
DA:27,14
DA:28,14
DA:29,14
DA:30,0
DA:32,14
DA:33,14
DA:34,14
DA:38,39
DA:43,39
DA:44,39
DA:54,39
DA:55,39
DA:56,39
DA:59,0
DA:64,39
DA:66,39
DA:67,39
DA:69,39
DA:73,0
DA:77,53
DA:78,53
DA:79,201
DA:80,74
DA:82,53
DA:85,1
DA:87,1
DA:88,1
DA:89,0
DA:90,0
DA:92,1
DA:93,0
DA:95,1
DA:98,18
DA:111,18
DA:112,18
DA:113,18
DA:114,18
DA:115,11
DA:117,7
DA:118,18
DA:119,18
DA:124,4
DA:125,4
DA:126,4
DA:129,2
DA:131,2
DA:134,3
DA:135,3
DA:136,3
DA:139,2
DA:141,1
DA:145,3
DA:146,3
DA:147,3
DA:150,2
DA:152,1
DA:156,2
DA:158,2
DA:159,2
DA:162,1
DA:164,1
DA:168,2
DA:169,2
DA:170,2
DA:173,1
DA:175,1
LF:72
LH:65
end_of_record
TN:interface_test
SF:/usr/include/c++/7/bits/ios_base.h
FN:129,_ZStorSt13_Ios_OpenmodeS_
FNDA:119,_ZStorSt13_Ios_OpenmodeS_
FNF:1
FNH:1
DA:129,119
DA:130,119
LF:2
LH:2
end_of_record
SF:/usr/include/c++/7/iostream
DA:74,1
LF:1
LH:1
end_of_record
SF:/usr/include/gtest/gtest-message.h
FN:85,_ZN7testing7MessageD2Ev
FNDA:119,_ZN7testing7MessageD2Ev
FNF:1
FNH:1
DA:85,119
LF:1
LH:1
end_of_record
SF:/usr/include/gtest/gtest-printers.h
FN:222,_ZN16testing_internal26DefaultPrintNonContainerToIiEEvRKT_PSo
FN:275,_ZN7testing8internal19FormatForComparisonIP9arrayNodeS3_E6FormatB5cxx11ERKS3_
FN:275,_ZN7testing8internal19FormatForComparisonIbbE6FormatB5cxx11ERKb
FN:275,_ZN7testing8internal19FormatForComparisonIiiE6FormatB5cxx11ERKi
FN:275,_ZN7testing8internal19FormatForComparisonIP4JsonS3_E6FormatB5cxx11ERKS3_
FN:275,_ZN7testing8internal19FormatForComparisonIP5arrayS3_E6FormatB5cxx11ERKS3_
FN:275,_ZN7testing8internal19FormatForComparisonIP8JsonNodeS3_E6FormatB5cxx11ERKS3_
FN:284,_ZN7testing8internal19FormatForComparisonIA12_cPKcE6FormatB5cxx11ES4_
FN:284,_ZN7testing8internal19FormatForComparisonIA13_cPKcE6FormatB5cxx11ES4_
FN:284,_ZN7testing8internal19FormatForComparisonIA3_cPKcE6FormatB5cxx11ES4_
FN:284,_ZN7testing8internal19FormatForComparisonIA5_cPKcE6FormatB5cxx11ES4_
FN:284,_ZN7testing8internal19FormatForComparisonIA11_cPKcE6FormatB5cxx11ES4_
FN:302,_ZN7testing8internal19FormatForComparisonIPKcA3_cE6FormatB5cxx11ES3_
FN:302,_ZN7testing8internal19FormatForComparisonIPKcA5_cE6FormatB5cxx11ES3_
FN:302,_ZN7testing8internal19FormatForComparisonIPKcS3_E6FormatB5cxx11ES3_
FN:302,_ZN7testing8internal19FormatForComparisonIPKcA13_cE6FormatB5cxx11ES3_
FN:302,_ZN7testing8internal19FormatForComparisonIPKcA11_cE6FormatB5cxx11ES3_
FN:302,_ZN7testing8internal19FormatForComparisonIPKcA12_cE6FormatB5cxx11ES3_
FN:349,_ZN7testing8internal33FormatForComparisonFailureMessageIA11_cPKcEENSt7__cxx1112basic_stringIcSt11char_traitsIcESaIcEEERKT_RKT0_
FN:349,_ZN7testing8internal33FormatForComparisonFailureMessageIP5arrayS3_EENSt7__cxx1112basic_stringIcSt11char_traitsIcESaIcEEERKT_RKT0_
FN:349,_ZN7testing8internal33FormatForComparisonFailureMessageIP9arrayNodeS3_EENSt7__cxx1112basic_stringIcSt11char_traitsIcESaIcEEERKT_RKT0_
FN:349,_ZN7testing8internal33FormatForComparisonFailureMessageIA13_cPKcEENSt7__cxx1112basic_stringIcSt11char_traitsIcESaIcEEERKT_RKT0_
FN:349,_ZN7testing8internal33FormatForComparisonFailureMessageIA5_cPKcEENSt7__cxx1112basic_stringIcSt11char_traitsIcESaIcEEERKT_RKT0_
FN:349,_ZN7testing8internal33FormatForComparisonFailureMessageIPKcA12_cEENSt7__cxx1112basic_stringIcSt11char_traitsIcESaIcEEERKT_RKT0_
FN:349,_ZN7testing8internal33FormatForComparisonFailureMessageIA3_cPKcEENSt7__cxx1112basic_stringIcSt11char_traitsIcESaIcEEERKT_RKT0_
FN:349,_ZN7testing8internal33FormatForComparisonFailureMessageIiiEENSt7__cxx1112basic_stringIcSt11char_traitsIcESaIcEEERKT_RKT0_
FN:349,_ZN7testing8internal33FormatForComparisonFailureMessageIPKcA13_cEENSt7__cxx1112basic_stringIcSt11char_traitsIcESaIcEEERKT_RKT0_
FN:349,_ZN7testing8internal33FormatForComparisonFailureMessageIP8JsonNodeS3_EENSt7__cxx1112basic_stringIcSt11char_traitsIcESaIcEEERKT_RKT0_
FN:349,_ZN7testing8internal33FormatForComparisonFailureMessageIbbEENSt7__cxx1112basic_stringIcSt11char_traitsIcESaIcEEERKT_RKT0_
FN:349,_ZN7testing8internal33FormatForComparisonFailureMessageIA12_cPKcEENSt7__cxx1112basic_stringIcSt11char_traitsIcESaIcEEERKT_RKT0_
FN:349,_ZN7testing8internal33FormatForComparisonFailureMessageIPKcA5_cEENSt7__cxx1112basic_stringIcSt11char_traitsIcESaIcEEERKT_RKT0_
FN:349,_ZN7testing8internal33FormatForComparisonFailureMessageIPKcA3_cEENSt7__cxx1112basic_stringIcSt11char_traitsIcESaIcEEERKT_RKT0_
FN:349,_ZN7testing8internal33FormatForComparisonFailureMessageIP4JsonS3_EENSt7__cxx1112basic_stringIcSt11char_traitsIcESaIcEEERKT_RKT0_
FN:349,_ZN7testing8internal33FormatForComparisonFailureMessageIPKcS3_EENSt7__cxx1112basic_stringIcSt11char_traitsIcESaIcEEERKT_RKT0_
FN:349,_ZN7testing8internal33FormatForComparisonFailureMessageIPKcA11_cEENSt7__cxx1112basic_stringIcSt11char_traitsIcESaIcEEERKT_RKT0_
FN:404,_ZN7testing8internal14DefaultPrintToI8JsonNodeEEvcNS0_13bool_constantILb1EEEPT_PSo
FN:404,_ZN7testing8internal14DefaultPrintToI5arrayEEvcNS0_13bool_constantILb1EEEPT_PSo
FN:404,_ZN7testing8internal14DefaultPrintToIKvEEvcNS0_13bool_constantILb1EEEPT_PSo
FN:404,_ZN7testing8internal14DefaultPrintToI4JsonEEvcNS0_13bool_constantILb1EEEPT_PSo
FN:404,_ZN7testing8internal14DefaultPrintToI9arrayNodeEEvcNS0_13bool_constantILb1EEEPT_PSo
FN:436,_ZN7testing8internal14DefaultPrintToIiEEvcNS0_13bool_constantILb0EEERKT_PSo
FN:454,_ZN7testing8internal7PrintToIP8JsonNodeEEvRKT_PSo
FN:454,_ZN7testing8internal7PrintToIiEEvRKT_PSo
FN:454,_ZN7testing8internal7PrintToIP4JsonEEvRKT_PSo
FN:454,_ZN7testing8internal7PrintToIPKvEEvRKT_PSo
FN:454,_ZN7testing8internal7PrintToIP9arrayNodeEEvRKT_PSo
FN:454,_ZN7testing8internal7PrintToIP5arrayEEvRKT_PSo
FN:495,_ZN7testing8internal7PrintToEbPSo
FN:698,_ZN7testing8internal16UniversalPrinterIPKvE5PrintERKS3_PSo
FN:698,_ZN7testing8internal16UniversalPrinterIiE5PrintERKiPSo
FN:698,_ZN7testing8internal16UniversalPrinterIP9arrayNodeE5PrintERKS3_PSo
FN:698,_ZN7testing8internal16UniversalPrinterIbE5PrintERKbPSo
FN:698,_ZN7testing8internal16UniversalPrinterIP8JsonNodeE5PrintERKS3_PSo
FN:698,_ZN7testing8internal16UniversalPrinterIP4JsonE5PrintERKS3_PSo
FN:698,_ZN7testing8internal16UniversalPrinterIP5arrayE5PrintERKS3_PSo
FN:783,_ZN7testing8internal21UniversalTersePrinterIP8JsonNodeE5PrintERKS3_PSo
FN:783,_ZN7testing8internal21UniversalTersePrinterIbE5PrintERKbPSo
FN:783,_ZN7testing8internal21UniversalTersePrinterIiE5PrintERKiPSo
FN:783,_ZN7testing8internal21UniversalTersePrinterIP9arrayNodeE5PrintERKS3_PSo
FN:783,_ZN7testing8internal21UniversalTersePrinterIPKvE5PrintERKS3_PSo
FN:783,_ZN7testing8internal21UniversalTersePrinterIP5arrayE5PrintERKS3_PSo
FN:783,_ZN7testing8internal21UniversalTersePrinterIP4JsonE5PrintERKS3_PSo
FN:852,_ZN7testing8internal14UniversalPrintIPKvEEvRKT_PSo
FN:852,_ZN7testing8internal14UniversalPrintIiEEvRKT_PSo
FN:852,_ZN7testing8internal14UniversalPrintIP9arrayNodeEEvRKT_PSo
FN:852,_ZN7testing8internal14UniversalPrintIbEEvRKT_PSo
FN:852,_ZN7testing8internal14UniversalPrintIP5arrayEEvRKT_PSo
FN:852,_ZN7testing8internal14UniversalPrintIP4JsonEEvRKT_PSo
FN:852,_ZN7testing8internal14UniversalPrintIP8JsonNodeEEvRKT_PSo
FN:980,_ZN7testing13PrintToStringIP9arrayNodeEENSt7__cxx1112basic_stringIcSt11char_traitsIcESaIcEEERKT_
FN:980,_ZN7testing13PrintToStringIP4JsonEENSt7__cxx1112basic_stringIcSt11char_traitsIcESaIcEEERKT_
FN:980,_ZN7testing13PrintToStringIPKvEENSt7__cxx1112basic_stringIcSt11char_traitsIcESaIcEEERKT_
FN:980,_ZN7testing13PrintToStringIP5arrayEENSt7__cxx1112basic_stringIcSt11char_traitsIcESaIcEEERKT_
FN:980,_ZN7testing13PrintToStringIiEENSt7__cxx1112basic_stringIcSt11char_traitsIcESaIcEEERKT_
FN:980,_ZN7testing13PrintToStringIbEENSt7__cxx1112basic_stringIcSt11char_traitsIcESaIcEEERKT_
FN:980,_ZN7testing13PrintToStringIP8JsonNodeEENSt7__cxx1112basic_stringIcSt11char_traitsIcESaIcEEERKT_
FNDA:0,_ZN16testing_internal26DefaultPrintNonContainerToIiEEvRKT_PSo
FNDA:0,_ZN7testing8internal19FormatForComparisonIP4JsonS3_E6FormatB5cxx11ERKS3_
FNDA:0,_ZN7testing8internal19FormatForComparisonIP5arrayS3_E6FormatB5cxx11ERKS3_
FNDA:0,_ZN7testing8internal19FormatForComparisonIbbE6FormatB5cxx11ERKb
FNDA:0,_ZN7testing8internal19FormatForComparisonIiiE6FormatB5cxx11ERKi
FNDA:0,_ZN7testing8internal19FormatForComparisonIP9arrayNodeS3_E6FormatB5cxx11ERKS3_
FNDA:0,_ZN7testing8internal19FormatForComparisonIP8JsonNodeS3_E6FormatB5cxx11ERKS3_
FNDA:0,_ZN7testing8internal19FormatForComparisonIA11_cPKcE6FormatB5cxx11ES4_
FNDA:0,_ZN7testing8internal19FormatForComparisonIA12_cPKcE6FormatB5cxx11ES4_
FNDA:0,_ZN7testing8internal19FormatForComparisonIA3_cPKcE6FormatB5cxx11ES4_
FNDA:0,_ZN7testing8internal19FormatForComparisonIA13_cPKcE6FormatB5cxx11ES4_
FNDA:0,_ZN7testing8internal19FormatForComparisonIA5_cPKcE6FormatB5cxx11ES4_
FNDA:0,_ZN7testing8internal19FormatForComparisonIPKcA11_cE6FormatB5cxx11ES3_
FNDA:0,_ZN7testing8internal19FormatForComparisonIPKcA12_cE6FormatB5cxx11ES3_
FNDA:0,_ZN7testing8internal19FormatForComparisonIPKcA3_cE6FormatB5cxx11ES3_
FNDA:0,_ZN7testing8internal19FormatForComparisonIPKcA13_cE6FormatB5cxx11ES3_
FNDA:0,_ZN7testing8internal19FormatForComparisonIPKcA5_cE6FormatB5cxx11ES3_
FNDA:0,_ZN7testing8internal19FormatForComparisonIPKcS3_E6FormatB5cxx11ES3_
FNDA:0,_ZN7testing8internal33FormatForComparisonFailureMessageIPKcA11_cEENSt7__cxx1112basic_stringIcSt11char_traitsIcESaIcEEERKT_RKT0_
FNDA:0,_ZN7testing8internal33FormatForComparisonFailureMessageIA11_cPKcEENSt7__cxx1112basic_stringIcSt11char_traitsIcESaIcEEERKT_RKT0_
FNDA:0,_ZN7testing8internal33FormatForComparisonFailureMessageIPKcA12_cEENSt7__cxx1112basic_stringIcSt11char_traitsIcESaIcEEERKT_RKT0_
FNDA:0,_ZN7testing8internal33FormatForComparisonFailureMessageIA12_cPKcEENSt7__cxx1112basic_stringIcSt11char_traitsIcESaIcEEERKT_RKT0_
FNDA:0,_ZN7testing8internal33FormatForComparisonFailureMessageIPKcA3_cEENSt7__cxx1112basic_stringIcSt11char_traitsIcESaIcEEERKT_RKT0_
FNDA:0,_ZN7testing8internal33FormatForComparisonFailureMessageIA3_cPKcEENSt7__cxx1112basic_stringIcSt11char_traitsIcESaIcEEERKT_RKT0_
FNDA:0,_ZN7testing8internal33FormatForComparisonFailureMessageIPKcA13_cEENSt7__cxx1112basic_stringIcSt11char_traitsIcESaIcEEERKT_RKT0_
FNDA:0,_ZN7testing8internal33FormatForComparisonFailureMessageIA13_cPKcEENSt7__cxx1112basic_stringIcSt11char_traitsIcESaIcEEERKT_RKT0_
FNDA:0,_ZN7testing8internal33FormatForComparisonFailureMessageIPKcA5_cEENSt7__cxx1112basic_stringIcSt11char_traitsIcESaIcEEERKT_RKT0_
FNDA:0,_ZN7testing8internal33FormatForComparisonFailureMessageIA5_cPKcEENSt7__cxx1112basic_stringIcSt11char_traitsIcESaIcEEERKT_RKT0_
FNDA:0,_ZN7testing8internal33FormatForComparisonFailureMessageIP4JsonS3_EENSt7__cxx1112basic_stringIcSt11char_traitsIcESaIcEEERKT_RKT0_
FNDA:0,_ZN7testing8internal33FormatForComparisonFailureMessageIP5arrayS3_EENSt7__cxx1112basic_stringIcSt11char_traitsIcESaIcEEERKT_RKT0_
FNDA:0,_ZN7testing8internal33FormatForComparisonFailureMessageIPKcS3_EENSt7__cxx1112basic_stringIcSt11char_traitsIcESaIcEEERKT_RKT0_
FNDA:0,_ZN7testing8internal33FormatForComparisonFailureMessageIbbEENSt7__cxx1112basic_stringIcSt11char_traitsIcESaIcEEERKT_RKT0_
FNDA:0,_ZN7testing8internal33FormatForComparisonFailureMessageIiiEENSt7__cxx1112basic_stringIcSt11char_traitsIcESaIcEEERKT_RKT0_
FNDA:0,_ZN7testing8internal33FormatForComparisonFailureMessageIP9arrayNodeS3_EENSt7__cxx1112basic_stringIcSt11char_traitsIcESaIcEEERKT_RKT0_
FNDA:0,_ZN7testing8internal33FormatForComparisonFailureMessageIP8JsonNodeS3_EENSt7__cxx1112basic_stringIcSt11char_traitsIcESaIcEEERKT_RKT0_
FNDA:0,_ZN7testing8internal14DefaultPrintToI4JsonEEvcNS0_13bool_constantILb1EEEPT_PSo
FNDA:0,_ZN7testing8internal14DefaultPrintToI5arrayEEvcNS0_13bool_constantILb1EEEPT_PSo
FNDA:0,_ZN7testing8internal14DefaultPrintToI9arrayNodeEEvcNS0_13bool_constantILb1EEEPT_PSo
FNDA:0,_ZN7testing8internal14DefaultPrintToI8JsonNodeEEvcNS0_13bool_constantILb1EEEPT_PSo
FNDA:0,_ZN7testing8internal14DefaultPrintToIKvEEvcNS0_13bool_constantILb1EEEPT_PSo
FNDA:0,_ZN7testing8internal14DefaultPrintToIiEEvcNS0_13bool_constantILb0EEERKT_PSo
FNDA:0,_ZN7testing8internal7PrintToIP4JsonEEvRKT_PSo
FNDA:0,_ZN7testing8internal7PrintToIP5arrayEEvRKT_PSo
FNDA:0,_ZN7testing8internal7PrintToIiEEvRKT_PSo
FNDA:0,_ZN7testing8internal7PrintToIP9arrayNodeEEvRKT_PSo
FNDA:0,_ZN7testing8internal7PrintToIP8JsonNodeEEvRKT_PSo
FNDA:0,_ZN7testing8internal7PrintToIPKvEEvRKT_PSo
FNDA:0,_ZN7testing8internal7PrintToEbPSo
FNDA:0,_ZN7testing8internal16UniversalPrinterIP4JsonE5PrintERKS3_PSo
FNDA:0,_ZN7testing8internal16UniversalPrinterIP5arrayE5PrintERKS3_PSo
FNDA:0,_ZN7testing8internal16UniversalPrinterIPKvE5PrintERKS3_PSo
FNDA:0,_ZN7testing8internal16UniversalPrinterIbE5PrintERKbPSo
FNDA:0,_ZN7testing8internal16UniversalPrinterIiE5PrintERKiPSo
FNDA:0,_ZN7testing8internal16UniversalPrinterIP9arrayNodeE5PrintERKS3_PSo
FNDA:0,_ZN7testing8internal16UniversalPrinterIP8JsonNodeE5PrintERKS3_PSo
FNDA:0,_ZN7testing8internal21UniversalTersePrinterIP4JsonE5PrintERKS3_PSo
FNDA:0,_ZN7testing8internal21UniversalTersePrinterIP5arrayE5PrintERKS3_PSo
FNDA:0,_ZN7testing8internal21UniversalTersePrinterIPKvE5PrintERKS3_PSo
FNDA:0,_ZN7testing8internal21UniversalTersePrinterIbE5PrintERKbPSo
FNDA:0,_ZN7testing8internal21UniversalTersePrinterIiE5PrintERKiPSo
FNDA:0,_ZN7testing8internal21UniversalTersePrinterIP9arrayNodeE5PrintERKS3_PSo
FNDA:0,_ZN7testing8internal21UniversalTersePrinterIP8JsonNodeE5PrintERKS3_PSo
FNDA:0,_ZN7testing8internal14UniversalPrintIP4JsonEEvRKT_PSo
FNDA:0,_ZN7testing8internal14UniversalPrintIP5arrayEEvRKT_PSo
FNDA:0,_ZN7testing8internal14UniversalPrintIPKvEEvRKT_PSo
FNDA:0,_ZN7testing8internal14UniversalPrintIbEEvRKT_PSo
FNDA:0,_ZN7testing8internal14UniversalPrintIiEEvRKT_PSo
FNDA:0,_ZN7testing8internal14UniversalPrintIP9arrayNodeEEvRKT_PSo
FNDA:0,_ZN7testing8internal14UniversalPrintIP8JsonNodeEEvRKT_PSo
FNDA:0,_ZN7testing13PrintToStringIP4JsonEENSt7__cxx1112basic_stringIcSt11char_traitsIcESaIcEEERKT_
FNDA:0,_ZN7testing13PrintToStringIP5arrayEENSt7__cxx1112basic_stringIcSt11char_traitsIcESaIcEEERKT_
FNDA:0,_ZN7testing13PrintToStringIPKvEENSt7__cxx1112basic_stringIcSt11char_traitsIcESaIcEEERKT_
FNDA:0,_ZN7testing13PrintToStringIbEENSt7__cxx1112basic_stringIcSt11char_traitsIcESaIcEEERKT_
FNDA:0,_ZN7testing13PrintToStringIiEENSt7__cxx1112basic_stringIcSt11char_traitsIcESaIcEEERKT_
FNDA:0,_ZN7testing13PrintToStringIP9arrayNodeEENSt7__cxx1112basic_stringIcSt11char_traitsIcESaIcEEERKT_
FNDA:0,_ZN7testing13PrintToStringIP8JsonNodeEENSt7__cxx1112basic_stringIcSt11char_traitsIcESaIcEEERKT_
FNF:76
FNH:0
DA:222,0
DA:249,0
DA:250,0
DA:275,0
DA:276,0
DA:284,0
DA:285,0
DA:302,0
DA:349,0
DA:351,0
DA:404,0
DA:407,0
DA:408,0
DA:415,0
DA:419,0
DA:427,0
DA:431,0
DA:436,0
DA:439,0
DA:440,0
DA:454,0
DA:477,0
DA:478,0
DA:495,0
DA:496,0
DA:497,0
DA:698,0
DA:707,0
DA:708,0
DA:783,0
DA:784,0
DA:785,0
DA:852,0
DA:856,0
DA:857,0
DA:980,0
DA:981,0
DA:982,0
DA:983,0
LF:39
LH:0
end_of_record
SF:/usr/include/gtest/gtest.h
FN:256,_ZN7testing15AssertionResultD2Ev
FN:288,_ZNK7testing15AssertionResultcvbEv
FN:297,_ZNK7testing15AssertionResult7messageEv
FN:302,_ZNK7testing15AssertionResult15failure_messageEv
FN:389,_ZN7testing4Test13SetUpTestCaseEv
FN:397,_ZN7testing4Test16TearDownTestCaseEv
FN:474,_ZN7testing4Test5SetupEv
FN:1375,_ZN7testing8internal18CmpHelperEQFailureIA11_cPKcEENS_15AssertionResultES4_S4_RKT_RKT0_
FN:1375,_ZN7testing8internal18CmpHelperEQFailureIPKcS3_EENS_15AssertionResultES3_S3_RKT_RKT0_
FN:1375,_ZN7testing8internal18CmpHelperEQFailureIP4JsonS3_EENS_15AssertionResultEPKcS6_RKT_RKT0_
FN:1375,_ZN7testing8internal18CmpHelperEQFailureIP5arrayS3_EENS_15AssertionResultEPKcS6_RKT_RKT0_
FN:1375,_ZN7testing8internal18CmpHelperEQFailureIA12_cPKcEENS_15AssertionResultES4_S4_RKT_RKT0_
FN:1375,_ZN7testing8internal18CmpHelperEQFailureIA3_cPKcEENS_15AssertionResultES4_S4_RKT_RKT0_
FN:1375,_ZN7testing8internal18CmpHelperEQFailureIA5_cPKcEENS_15AssertionResultES4_S4_RKT_RKT0_
FN:1375,_ZN7testing8internal18CmpHelperEQFailureIiiEENS_15AssertionResultEPKcS4_RKT_RKT0_
FN:1375,_ZN7testing8internal18CmpHelperEQFailureIP9arrayNodeS3_EENS_15AssertionResultEPKcS6_RKT_RKT0_
FN:1375,_ZN7testing8internal18CmpHelperEQFailureIA13_cPKcEENS_15AssertionResultES4_S4_RKT_RKT0_
FN:1375,_ZN7testing8internal18CmpHelperEQFailureIP8JsonNodeS3_EENS_15AssertionResultEPKcS6_RKT_RKT0_
FN:1375,_ZN7testing8internal18CmpHelperEQFailureIbbEENS_15AssertionResultEPKcS4_RKT_RKT0_
FN:1387,_ZN7testing8internal11CmpHelperEQIA3_cPKcEENS_15AssertionResultES4_S4_RKT_RKT0_
FN:1387,_ZN7testing8internal11CmpHelperEQIP4JsonS3_EENS_15AssertionResultEPKcS6_RKT_RKT0_
FN:1387,_ZN7testing8internal11CmpHelperEQIA5_cPKcEENS_15AssertionResultES4_S4_RKT_RKT0_
FN:1387,_ZN7testing8internal11CmpHelperEQIPKcS3_EENS_15AssertionResultES3_S3_RKT_RKT0_
FN:1387,_ZN7testing8internal11CmpHelperEQIbbEENS_15AssertionResultEPKcS4_RKT_RKT0_
FN:1387,_ZN7testing8internal11CmpHelperEQIP9arrayNodeS3_EENS_15AssertionResultEPKcS6_RKT_RKT0_
FN:1387,_ZN7testing8internal11CmpHelperEQIA11_cPKcEENS_15AssertionResultES4_S4_RKT_RKT0_
FN:1387,_ZN7testing8internal11CmpHelperEQIP8JsonNodeS3_EENS_15AssertionResultEPKcS6_RKT_RKT0_
FN:1387,_ZN7testing8internal11CmpHelperEQIiiEENS_15AssertionResultEPKcS4_RKT_RKT0_
FN:1387,_ZN7testing8internal11CmpHelperEQIP5arrayS3_EENS_15AssertionResultEPKcS6_RKT_RKT0_
FN:1387,_ZN7testing8internal11CmpHelperEQIA13_cPKcEENS_15AssertionResultES4_S4_RKT_RKT0_
FN:1387,_ZN7testing8internal11CmpHelperEQIA12_cPKcEENS_15AssertionResultES4_S4_RKT_RKT0_
FN:1417,_ZN7testing8internal8EqHelperILb0EE7CompareIPKcS5_EENS_15AssertionResultES5_S5_RKT_RKT0_
FN:1417,_ZN7testing8internal8EqHelperILb0EE7CompareIA11_cPKcEENS_15AssertionResultES6_S6_RKT_RKT0_
FN:1417,_ZN7testing8internal8EqHelperILb0EE7CompareIbbEENS_15AssertionResultEPKcS6_RKT_RKT0_
FN:1417,_ZN7testing8internal8EqHelperILb0EE7CompareIiiEENS_15AssertionResultEPKcS6_RKT_RKT0_
FN:1417,_ZN7testing8internal8EqHelperILb0EE7CompareIA3_cPKcEENS_15AssertionResultES6_S6_RKT_RKT0_
FN:1417,_ZN7testing8internal8EqHelperILb0EE7CompareIA13_cPKcEENS_15AssertionResultES6_S6_RKT_RKT0_
FN:1417,_ZN7testing8internal8EqHelperILb0EE7CompareIA5_cPKcEENS_15AssertionResultES6_S6_RKT_RKT0_
FN:1417,_ZN7testing8internal8EqHelperILb0EE7CompareIP5arrayS5_EENS_15AssertionResultEPKcS8_RKT_RKT0_
FN:1417,_ZN7testing8internal8EqHelperILb0EE7CompareIA12_cPKcEENS_15AssertionResultES6_S6_RKT_RKT0_
FN:1417,_ZN7testing8internal8EqHelperILb0EE7CompareIP4JsonS5_EENS_15AssertionResultEPKcS8_RKT_RKT0_
FN:1448,_ZN7testing8internal8EqHelperILb1EE7CompareIiiEENS_15AssertionResultEPKcS6_RKT_RKT0_PNS0_8EnableIfIXntsrNS0_10is_pointerISA_EE5valueEE4typeE
FN:1465,_ZN7testing8internal8EqHelperILb1EE7CompareI4JsonEENS_15AssertionResultEPKcS7_PNS0_6SecretEPT_
FN:1465,_ZN7testing8internal8EqHelperILb1EE7CompareI8JsonNodeEENS_15AssertionResultEPKcS7_PNS0_6SecretEPT_
FN:1465,_ZN7testing8internal8EqHelperILb1EE7CompareI9arrayNodeEENS_15AssertionResultEPKcS7_PNS0_6SecretEPT_
FN:1465,_ZN7testing8internal8EqHelperILb1EE7CompareIKcEENS_15AssertionResultEPS4_S6_PNS0_6SecretEPT_
FNDA:33,_ZN7testing15AssertionResultD2Ev
FNDA:33,_ZNK7testing15AssertionResultcvbEv
FNDA:0,_ZNK7testing15AssertionResult7messageEv
FNDA:0,_ZNK7testing15AssertionResult15failure_messageEv
FNDA:20,_ZN7testing4Test13SetUpTestCaseEv
FNDA:20,_ZN7testing4Test16TearDownTestCaseEv
FNDA:0,_ZN7testing4Test5SetupEv
FNDA:0,_ZN7testing8internal18CmpHelperEQFailureIA11_cPKcEENS_15AssertionResultES4_S4_RKT_RKT0_
FNDA:0,_ZN7testing8internal18CmpHelperEQFailureIA12_cPKcEENS_15AssertionResultES4_S4_RKT_RKT0_
FNDA:0,_ZN7testing8internal18CmpHelperEQFailureIA3_cPKcEENS_15AssertionResultES4_S4_RKT_RKT0_
FNDA:0,_ZN7testing8internal18CmpHelperEQFailureIA13_cPKcEENS_15AssertionResultES4_S4_RKT_RKT0_
FNDA:0,_ZN7testing8internal18CmpHelperEQFailureIA5_cPKcEENS_15AssertionResultES4_S4_RKT_RKT0_
FNDA:0,_ZN7testing8internal18CmpHelperEQFailureIP4JsonS3_EENS_15AssertionResultEPKcS6_RKT_RKT0_
FNDA:0,_ZN7testing8internal18CmpHelperEQFailureIP5arrayS3_EENS_15AssertionResultEPKcS6_RKT_RKT0_
FNDA:0,_ZN7testing8internal18CmpHelperEQFailureIPKcS3_EENS_15AssertionResultES3_S3_RKT_RKT0_
FNDA:0,_ZN7testing8internal18CmpHelperEQFailureIbbEENS_15AssertionResultEPKcS4_RKT_RKT0_
FNDA:0,_ZN7testing8internal18CmpHelperEQFailureIiiEENS_15AssertionResultEPKcS4_RKT_RKT0_
FNDA:0,_ZN7testing8internal18CmpHelperEQFailureIP9arrayNodeS3_EENS_15AssertionResultEPKcS6_RKT_RKT0_
FNDA:0,_ZN7testing8internal18CmpHelperEQFailureIP8JsonNodeS3_EENS_15AssertionResultEPKcS6_RKT_RKT0_
FNDA:1,_ZN7testing8internal11CmpHelperEQIA11_cPKcEENS_15AssertionResultES4_S4_RKT_RKT0_
FNDA:1,_ZN7testing8internal11CmpHelperEQIA12_cPKcEENS_15AssertionResultES4_S4_RKT_RKT0_
FNDA:1,_ZN7testing8internal11CmpHelperEQIA3_cPKcEENS_15AssertionResultES4_S4_RKT_RKT0_
FNDA:1,_ZN7testing8internal11CmpHelperEQIA13_cPKcEENS_15AssertionResultES4_S4_RKT_RKT0_
FNDA:1,_ZN7testing8internal11CmpHelperEQIA5_cPKcEENS_15AssertionResultES4_S4_RKT_RKT0_
FNDA:6,_ZN7testing8internal11CmpHelperEQIP4JsonS3_EENS_15AssertionResultEPKcS6_RKT_RKT0_
FNDA:2,_ZN7testing8internal11CmpHelperEQIP5arrayS3_EENS_15AssertionResultEPKcS6_RKT_RKT0_
FNDA:3,_ZN7testing8internal11CmpHelperEQIPKcS3_EENS_15AssertionResultES3_S3_RKT_RKT0_
FNDA:3,_ZN7testing8internal11CmpHelperEQIbbEENS_15AssertionResultEPKcS4_RKT_RKT0_
FNDA:11,_ZN7testing8internal11CmpHelperEQIiiEENS_15AssertionResultEPKcS4_RKT_RKT0_
FNDA:2,_ZN7testing8internal11CmpHelperEQIP9arrayNodeS3_EENS_15AssertionResultEPKcS6_RKT_RKT0_
FNDA:1,_ZN7testing8internal11CmpHelperEQIP8JsonNodeS3_EENS_15AssertionResultEPKcS6_RKT_RKT0_
FNDA:1,_ZN7testing8internal8EqHelperILb0EE7CompareIA11_cPKcEENS_15AssertionResultES6_S6_RKT_RKT0_
FNDA:1,_ZN7testing8internal8EqHelperILb0EE7CompareIA12_cPKcEENS_15AssertionResultES6_S6_RKT_RKT0_
FNDA:1,_ZN7testing8internal8EqHelperILb0EE7CompareIA3_cPKcEENS_15AssertionResultES6_S6_RKT_RKT0_
FNDA:1,_ZN7testing8internal8EqHelperILb0EE7CompareIA13_cPKcEENS_15AssertionResultES6_S6_RKT_RKT0_
FNDA:1,_ZN7testing8internal8EqHelperILb0EE7CompareIA5_cPKcEENS_15AssertionResultES6_S6_RKT_RKT0_
FNDA:8,_ZN7testing8internal8EqHelperILb0EE7CompareIiiEENS_15AssertionResultEPKcS6_RKT_RKT0_
FNDA:4,_ZN7testing8internal8EqHelperILb0EE7CompareIP4JsonS5_EENS_15AssertionResultEPKcS8_RKT_RKT0_
FNDA:2,_ZN7testing8internal8EqHelperILb0EE7CompareIP5arrayS5_EENS_15AssertionResultEPKcS8_RKT_RKT0_
FNDA:1,_ZN7testing8internal8EqHelperILb0EE7CompareIPKcS5_EENS_15AssertionResultES5_S5_RKT_RKT0_
FNDA:3,_ZN7testing8internal8EqHelperILb0EE7CompareIbbEENS_15AssertionResultEPKcS6_RKT_RKT0_
FNDA:3,_ZN7testing8internal8EqHelperILb1EE7CompareIiiEENS_15AssertionResultEPKcS6_RKT_RKT0_PNS0_8EnableIfIXntsrNS0_10is_pointerISA_EE5valueEE4typeE
FNDA:2,_ZN7testing8internal8EqHelperILb1EE7CompareI4JsonEENS_15AssertionResultEPKcS7_PNS0_6SecretEPT_
FNDA:2,_ZN7testing8internal8EqHelperILb1EE7CompareIKcEENS_15AssertionResultEPS4_S6_PNS0_6SecretEPT_
FNDA:2,_ZN7testing8internal8EqHelperILb1EE7CompareI9arrayNodeEENS_15AssertionResultEPKcS7_PNS0_6SecretEPT_
FNDA:1,_ZN7testing8internal8EqHelperILb1EE7CompareI8JsonNodeEENS_15AssertionResultEPKcS7_PNS0_6SecretEPT_
FNF:46
FNH:31
DA:256,33
DA:288,33
DA:297,0
DA:298,0
DA:302,0
DA:389,20
DA:397,20
DA:474,0
DA:1375,0
DA:1382,0
DA:1387,33
DA:1392,33
DA:1393,33
DA:1397,0
DA:1417,23
DA:1421,23
DA:1448,3
DA:1459,3
DA:1465,7
DA:1478,7
LF:20
LH:13
end_of_record
SF:/usr/include/gtest/internal/gtest-internal.h
FN:466,_ZN7testing8internal15TestFactoryBaseD0Ev
FN:466,_ZN7testing8internal15TestFactoryBaseD2Ev
FN:473,_ZN7testing8internal15TestFactoryBaseC2Ev
FN:482,_ZN7testing8internal15TestFactoryImplI27arr_add_objTest_Normal_TestED0Ev
FN:482,_ZN7testing8internal15TestFactoryImplI28json_get_intTest_Normal_TestED0Ev
FN:482,_ZN7testing8internal15TestFactoryImplI41json_create_str_json_create_str_TEST_TestEC2Ev
FN:482,_ZN7testing8internal15TestFactoryImplI33json_get_arr_jsonTest_Normal_TestED2Ev
FN:482,_ZN7testing8internal15TestFactoryImplI28json_get_intTest_Normal_TestED2Ev
FN:482,_ZN7testing8internal15TestFactoryImplI39arr_create_str_arr_create_str_TEST_TestED0Ev
FN:482,_ZN7testing8internal15TestFactoryImplI29json_get_jsonTest_Normal_TestED0Ev
FN:482,_ZN7testing8internal15TestFactoryImplI41json_create_int_json_create_int_TEST_TestEC2Ev
FN:482,_ZN7testing8internal15TestFactoryImplI28json_get_strTest_Normal_TestED0Ev
FN:482,_ZN7testing8internal15TestFactoryImplI39arr_create_int_arr_create_int_TEST_TestED2Ev
FN:482,_ZN7testing8internal15TestFactoryImplI29json_get_jsonTest_Normal_TestEC2Ev
FN:482,_ZN7testing8internal15TestFactoryImplI29json_get_boolTest_Normal_TestED2Ev
FN:482,_ZN7testing8internal15TestFactoryImplI41json_create_str_json_create_str_TEST_TestED2Ev
FN:482,_ZN7testing8internal15TestFactoryImplI32json_create_jsonTest_Normal_TestED0Ev
FN:482,_ZN7testing8internal15TestFactoryImplI39arr_create_str_arr_create_str_TEST_TestED2Ev
FN:482,_ZN7testing8internal15TestFactoryImplI27arr_add_objTest_Normal_TestEC2Ev
FN:482,_ZN7testing8internal15TestFactoryImplI43json_create_bool_json_create_bool_TEST_TestED0Ev
FN:482,_ZN7testing8internal15TestFactoryImplI31json_create_arrTest_Normal_TestED0Ev
FN:482,_ZN7testing8internal15TestFactoryImplI28json_add_objTest_Normal_TestED0Ev
FN:482,_ZN7testing8internal15TestFactoryImplI39arr_create_int_arr_create_int_TEST_TestED0Ev
FN:482,_ZN7testing8internal15TestFactoryImplI41arr_create_bool_arr_create_bool_TEST_TestED0Ev
FN:482,_ZN7testing8internal15TestFactoryImplI28json_get_strTest_Normal_TestED2Ev
FN:482,_ZN7testing8internal15TestFactoryImplI31arr_create_jsonTest_Normal_TestED0Ev
FN:482,_ZN7testing8internal15TestFactoryImplI28json_new_objTest_Normal_TestED2Ev
FN:482,_ZN7testing8internal15TestFactoryImplI32json_create_jsonTest_Normal_TestEC2Ev
FN:482,_ZN7testing8internal15TestFactoryImplI41arr_create_bool_arr_create_bool_TEST_TestED2Ev
FN:482,_ZN7testing8internal15TestFactoryImplI29json_get_jsonTest_Normal_TestED2Ev
FN:482,_ZN7testing8internal15TestFactoryImplI43json_create_bool_json_create_bool_TEST_TestED2Ev
FN:482,_ZN7testing8internal15TestFactoryImplI41arr_create_bool_arr_create_bool_TEST_TestEC2Ev
FN:482,_ZN7testing8internal15TestFactoryImplI28json_new_arrTest_Normal_TestED0Ev
FN:482,_ZN7testing8internal15TestFactoryImplI31arr_create_jsonTest_Normal_TestEC2Ev
FN:482,_ZN7testing8internal15TestFactoryImplI28json_new_objTest_Normal_TestED0Ev
FN:482,_ZN7testing8internal15TestFactoryImplI28json_new_arrTest_Normal_TestED2Ev
FN:482,_ZN7testing8internal15TestFactoryImplI28json_get_strTest_Normal_TestEC2Ev
FN:482,_ZN7testing8internal15TestFactoryImplI39arr_create_int_arr_create_int_TEST_TestEC2Ev
FN:482,_ZN7testing8internal15TestFactoryImplI31arr_create_jsonTest_Normal_TestED2Ev
FN:482,_ZN7testing8internal15TestFactoryImplI33json_get_arr_jsonTest_Normal_TestEC2Ev
FN:482,_ZN7testing8internal15TestFactoryImplI31json_create_arrTest_Normal_TestED2Ev
FN:482,_ZN7testing8internal15TestFactoryImplI28json_add_objTest_Normal_TestEC2Ev
FN:482,_ZN7testing8internal15TestFactoryImplI43json_create_bool_json_create_bool_TEST_TestEC2Ev
FN:482,_ZN7testing8internal15TestFactoryImplI33json_get_arr_jsonTest_Normal_TestED0Ev
FN:482,_ZN7testing8internal15TestFactoryImplI29json_get_boolTest_Normal_TestED0Ev
FN:482,_ZN7testing8internal15TestFactoryImplI39arr_create_arr_arr_create_arr_TEST_TestEC2Ev
FN:482,_ZN7testing8internal15TestFactoryImplI31json_create_arrTest_Normal_TestEC2Ev
FN:482,_ZN7testing8internal15TestFactoryImplI27arr_add_objTest_Normal_TestED2Ev
FN:482,_ZN7testing8internal15TestFactoryImplI28json_new_arrTest_Normal_TestEC2Ev
FN:482,_ZN7testing8internal15TestFactoryImplI41json_create_int_json_create_int_TEST_TestED0Ev
FN:482,_ZN7testing8internal15TestFactoryImplI41json_create_str_json_create_str_TEST_TestED0Ev
FN:482,_ZN7testing8internal15TestFactoryImplI26json_printTest_Normal_TestEC2Ev
FN:482,_ZN7testing8internal15TestFactoryImplI28json_new_objTest_Normal_TestEC2Ev
FN:482,_ZN7testing8internal15TestFactoryImplI32json_create_jsonTest_Normal_TestED2Ev
FN:482,_ZN7testing8internal15TestFactoryImplI28json_get_intTest_Normal_TestEC2Ev
FN:482,_ZN7testing8internal15TestFactoryImplI39arr_create_str_arr_create_str_TEST_TestEC2Ev
FN:482,_ZN7testing8internal15TestFactoryImplI28json_add_objTest_Normal_TestED2Ev
FN:482,_ZN7testing8internal15TestFactoryImplI41json_create_int_json_create_int_TEST_TestED2Ev
FN:482,_ZN7testing8internal15TestFactoryImplI26json_printTest_Normal_TestED0Ev
FN:482,_ZN7testing8internal15TestFactoryImplI39arr_create_arr_arr_create_arr_TEST_TestED0Ev
FN:482,_ZN7testing8internal15TestFactoryImplI39arr_create_arr_arr_create_arr_TEST_TestED2Ev
FN:482,_ZN7testing8internal15TestFactoryImplI26json_printTest_Normal_TestED2Ev
FN:482,_ZN7testing8internal15TestFactoryImplI29json_get_boolTest_Normal_TestEC2Ev
FN:484,_ZN7testing8internal15TestFactoryImplI28json_get_intTest_Normal_TestE10CreateTestEv
FN:484,_ZN7testing8internal15TestFactoryImplI41json_create_int_json_create_int_TEST_TestE10CreateTestEv
FN:484,_ZN7testing8internal15TestFactoryImplI32json_create_jsonTest_Normal_TestE10CreateTestEv
FN:484,_ZN7testing8internal15TestFactoryImplI28json_new_objTest_Normal_TestE10CreateTestEv
FN:484,_ZN7testing8internal15TestFactoryImplI28json_get_strTest_Normal_TestE10CreateTestEv
FN:484,_ZN7testing8internal15TestFactoryImplI39arr_create_str_arr_create_str_TEST_TestE10CreateTestEv
FN:484,_ZN7testing8internal15TestFactoryImplI33json_get_arr_jsonTest_Normal_TestE10CreateTestEv
FN:484,_ZN7testing8internal15TestFactoryImplI29json_get_jsonTest_Normal_TestE10CreateTestEv
FN:484,_ZN7testing8internal15TestFactoryImplI28json_add_objTest_Normal_TestE10CreateTestEv
FN:484,_ZN7testing8internal15TestFactoryImplI26json_printTest_Normal_TestE10CreateTestEv
FN:484,_ZN7testing8internal15TestFactoryImplI31arr_create_jsonTest_Normal_TestE10CreateTestEv
FN:484,_ZN7testing8internal15TestFactoryImplI43json_create_bool_json_create_bool_TEST_TestE10CreateTestEv
FN:484,_ZN7testing8internal15TestFactoryImplI28json_new_arrTest_Normal_TestE10CreateTestEv
FN:484,_ZN7testing8internal15TestFactoryImplI31json_create_arrTest_Normal_TestE10CreateTestEv
FN:484,_ZN7testing8internal15TestFactoryImplI41arr_create_bool_arr_create_bool_TEST_TestE10CreateTestEv
FN:484,_ZN7testing8internal15TestFactoryImplI39arr_create_arr_arr_create_arr_TEST_TestE10CreateTestEv
FN:484,_ZN7testing8internal15TestFactoryImplI41json_create_str_json_create_str_TEST_TestE10CreateTestEv
FN:484,_ZN7testing8internal15TestFactoryImplI27arr_add_objTest_Normal_TestE10CreateTestEv
FN:484,_ZN7testing8internal15TestFactoryImplI39arr_create_int_arr_create_int_TEST_TestE10CreateTestEv
FN:484,_ZN7testing8internal15TestFactoryImplI29json_get_boolTest_Normal_TestE10CreateTestEv
FN:504,_ZN7testing8internal12CodeLocationD2Ev
FN:505,_ZN7testing8internal12CodeLocationC2ERKNSt7__cxx1112basic_stringIcSt11char_traitsIcESaIcEEEi
FN:940,_ZN7testing8internal15IsContainerTestIP5arrayEEcl
FN:940,_ZN7testing8internal15IsContainerTestIP4JsonEEcl
FN:940,_ZN7testing8internal15IsContainerTestIP9arrayNodeEEcl
FN:940,_ZN7testing8internal15IsContainerTestIP8JsonNodeEEcl
FN:940,_ZN7testing8internal15IsContainerTestIiEEcl
FN:940,_ZN7testing8internal15IsContainerTestIPKvEEcl
FNDA:0,_ZN7testing8internal15TestFactoryBaseD0Ev
FNDA:20,_ZN7testing8internal15TestFactoryBaseD2Ev
FNDA:20,_ZN7testing8internal15TestFactoryBaseC2Ev
FNDA:1,_ZN7testing8internal15TestFactoryImplI28json_new_objTest_Normal_TestED0Ev
FNDA:1,_ZN7testing8internal15TestFactoryImplI28json_new_objTest_Normal_TestED2Ev
FNDA:1,_ZN7testing8internal15TestFactoryImplI28json_new_arrTest_Normal_TestED0Ev
FNDA:1,_ZN7testing8internal15TestFactoryImplI28json_new_arrTest_Normal_TestED2Ev
FNDA:1,_ZN7testing8internal15TestFactoryImplI28json_add_objTest_Normal_TestED0Ev
FNDA:1,_ZN7testing8internal15TestFactoryImplI28json_add_objTest_Normal_TestED2Ev
FNDA:1,_ZN7testing8internal15TestFactoryImplI27arr_add_objTest_Normal_TestED0Ev
FNDA:1,_ZN7testing8internal15TestFactoryImplI27arr_add_objTest_Normal_TestED2Ev
FNDA:1,_ZN7testing8internal15TestFactoryImplI31json_create_arrTest_Normal_TestED0Ev
FNDA:1,_ZN7testing8internal15TestFactoryImplI31json_create_arrTest_Normal_TestED2Ev
FNDA:1,_ZN7testing8internal15TestFactoryImplI32json_create_jsonTest_Normal_TestED0Ev
FNDA:1,_ZN7testing8internal15TestFactoryImplI32json_create_jsonTest_Normal_TestED2Ev
FNDA:1,_ZN7testing8internal15TestFactoryImplI43json_create_bool_json_create_bool_TEST_TestED0Ev
FNDA:1,_ZN7testing8internal15TestFactoryImplI43json_create_bool_json_create_bool_TEST_TestED2Ev
FNDA:1,_ZN7testing8internal15TestFactoryImplI41json_create_int_json_create_int_TEST_TestED0Ev
FNDA:1,_ZN7testing8internal15TestFactoryImplI41json_create_int_json_create_int_TEST_TestED2Ev
FNDA:1,_ZN7testing8internal15TestFactoryImplI41json_create_str_json_create_str_TEST_TestED0Ev
FNDA:1,_ZN7testing8internal15TestFactoryImplI41json_create_str_json_create_str_TEST_TestED2Ev
FNDA:1,_ZN7testing8internal15TestFactoryImplI39arr_create_int_arr_create_int_TEST_TestED0Ev
FNDA:1,_ZN7testing8internal15TestFactoryImplI39arr_create_int_arr_create_int_TEST_TestED2Ev
FNDA:1,_ZN7testing8internal15TestFactoryImplI39arr_create_str_arr_create_str_TEST_TestED0Ev
FNDA:1,_ZN7testing8internal15TestFactoryImplI39arr_create_str_arr_create_str_TEST_TestED2Ev
FNDA:1,_ZN7testing8internal15TestFactoryImplI41arr_create_bool_arr_create_bool_TEST_TestED0Ev
FNDA:1,_ZN7testing8internal15TestFactoryImplI41arr_create_bool_arr_create_bool_TEST_TestED2Ev
FNDA:1,_ZN7testing8internal15TestFactoryImplI39arr_create_arr_arr_create_arr_TEST_TestED0Ev
FNDA:1,_ZN7testing8internal15TestFactoryImplI39arr_create_arr_arr_create_arr_TEST_TestED2Ev
FNDA:1,_ZN7testing8internal15TestFactoryImplI31arr_create_jsonTest_Normal_TestED0Ev
FNDA:1,_ZN7testing8internal15TestFactoryImplI31arr_create_jsonTest_Normal_TestED2Ev
FNDA:1,_ZN7testing8internal15TestFactoryImplI28json_get_intTest_Normal_TestED0Ev
FNDA:1,_ZN7testing8internal15TestFactoryImplI28json_get_intTest_Normal_TestED2Ev
FNDA:1,_ZN7testing8internal15TestFactoryImplI29json_get_boolTest_Normal_TestED0Ev
FNDA:1,_ZN7testing8internal15TestFactoryImplI29json_get_boolTest_Normal_TestED2Ev
FNDA:1,_ZN7testing8internal15TestFactoryImplI28json_get_strTest_Normal_TestED0Ev
FNDA:1,_ZN7testing8internal15TestFactoryImplI28json_get_strTest_Normal_TestED2Ev
FNDA:1,_ZN7testing8internal15TestFactoryImplI33json_get_arr_jsonTest_Normal_TestED0Ev
FNDA:1,_ZN7testing8internal15TestFactoryImplI33json_get_arr_jsonTest_Normal_TestED2Ev
FNDA:1,_ZN7testing8internal15TestFactoryImplI29json_get_jsonTest_Normal_TestED0Ev
FNDA:1,_ZN7testing8internal15TestFactoryImplI29json_get_jsonTest_Normal_TestED2Ev
FNDA:1,_ZN7testing8internal15TestFactoryImplI26json_printTest_Normal_TestED0Ev
FNDA:1,_ZN7testing8internal15TestFactoryImplI26json_printTest_Normal_TestED2Ev
FNDA:1,_ZN7testing8internal15TestFactoryImplI26json_printTest_Normal_TestEC2Ev
FNDA:1,_ZN7testing8internal15TestFactoryImplI29json_get_jsonTest_Normal_TestEC2Ev
FNDA:1,_ZN7testing8internal15TestFactoryImplI33json_get_arr_jsonTest_Normal_TestEC2Ev
FNDA:1,_ZN7testing8internal15TestFactoryImplI28json_get_strTest_Normal_TestEC2Ev
FNDA:1,_ZN7testing8internal15TestFactoryImplI29json_get_boolTest_Normal_TestEC2Ev
FNDA:1,_ZN7testing8internal15TestFactoryImplI28json_get_intTest_Normal_TestEC2Ev
FNDA:1,_ZN7testing8internal15TestFactoryImplI31arr_create_jsonTest_Normal_TestEC2Ev
FNDA:1,_ZN7testing8internal15TestFactoryImplI39arr_create_arr_arr_create_arr_TEST_TestEC2Ev
FNDA:1,_ZN7testing8internal15TestFactoryImplI41arr_create_bool_arr_create_bool_TEST_TestEC2Ev
FNDA:1,_ZN7testing8internal15TestFactoryImplI39arr_create_str_arr_create_str_TEST_TestEC2Ev
FNDA:1,_ZN7testing8internal15TestFactoryImplI39arr_create_int_arr_create_int_TEST_TestEC2Ev
FNDA:1,_ZN7testing8internal15TestFactoryImplI41json_create_str_json_create_str_TEST_TestEC2Ev
FNDA:1,_ZN7testing8internal15TestFactoryImplI41json_create_int_json_create_int_TEST_TestEC2Ev
FNDA:1,_ZN7testing8internal15TestFactoryImplI43json_create_bool_json_create_bool_TEST_TestEC2Ev
FNDA:1,_ZN7testing8internal15TestFactoryImplI32json_create_jsonTest_Normal_TestEC2Ev
FNDA:1,_ZN7testing8internal15TestFactoryImplI31json_create_arrTest_Normal_TestEC2Ev
FNDA:1,_ZN7testing8internal15TestFactoryImplI27arr_add_objTest_Normal_TestEC2Ev
FNDA:1,_ZN7testing8internal15TestFactoryImplI28json_add_objTest_Normal_TestEC2Ev
FNDA:1,_ZN7testing8internal15TestFactoryImplI28json_new_arrTest_Normal_TestEC2Ev
FNDA:1,_ZN7testing8internal15TestFactoryImplI28json_new_objTest_Normal_TestEC2Ev
FNDA:1,_ZN7testing8internal15TestFactoryImplI28json_new_objTest_Normal_TestE10CreateTestEv
FNDA:1,_ZN7testing8internal15TestFactoryImplI28json_new_arrTest_Normal_TestE10CreateTestEv
FNDA:1,_ZN7testing8internal15TestFactoryImplI28json_add_objTest_Normal_TestE10CreateTestEv
FNDA:1,_ZN7testing8internal15TestFactoryImplI27arr_add_objTest_Normal_TestE10CreateTestEv
FNDA:1,_ZN7testing8internal15TestFactoryImplI31json_create_arrTest_Normal_TestE10CreateTestEv
FNDA:1,_ZN7testing8internal15TestFactoryImplI32json_create_jsonTest_Normal_TestE10CreateTestEv
FNDA:1,_ZN7testing8internal15TestFactoryImplI43json_create_bool_json_create_bool_TEST_TestE10CreateTestEv
FNDA:1,_ZN7testing8internal15TestFactoryImplI41json_create_int_json_create_int_TEST_TestE10CreateTestEv
FNDA:1,_ZN7testing8internal15TestFactoryImplI41json_create_str_json_create_str_TEST_TestE10CreateTestEv
FNDA:1,_ZN7testing8internal15TestFactoryImplI39arr_create_int_arr_create_int_TEST_TestE10CreateTestEv
FNDA:1,_ZN7testing8internal15TestFactoryImplI39arr_create_str_arr_create_str_TEST_TestE10CreateTestEv
FNDA:1,_ZN7testing8internal15TestFactoryImplI41arr_create_bool_arr_create_bool_TEST_TestE10CreateTestEv
FNDA:1,_ZN7testing8internal15TestFactoryImplI39arr_create_arr_arr_create_arr_TEST_TestE10CreateTestEv
FNDA:1,_ZN7testing8internal15TestFactoryImplI31arr_create_jsonTest_Normal_TestE10CreateTestEv
FNDA:1,_ZN7testing8internal15TestFactoryImplI28json_get_intTest_Normal_TestE10CreateTestEv
FNDA:1,_ZN7testing8internal15TestFactoryImplI29json_get_boolTest_Normal_TestE10CreateTestEv
FNDA:1,_ZN7testing8internal15TestFactoryImplI28json_get_strTest_Normal_TestE10CreateTestEv
FNDA:1,_ZN7testing8internal15TestFactoryImplI33json_get_arr_jsonTest_Normal_TestE10CreateTestEv
FNDA:1,_ZN7testing8internal15TestFactoryImplI29json_get_jsonTest_Normal_TestE10CreateTestEv
FNDA:1,_ZN7testing8internal15TestFactoryImplI26json_printTest_Normal_TestE10CreateTestEv
FNDA:60,_ZN7testing8internal12CodeLocationD2Ev
FNDA:20,_ZN7testing8internal12CodeLocationC2ERKNSt7__cxx1112basic_stringIcSt11char_traitsIcESaIcEEEi
FNDA:0,_ZN7testing8internal15IsContainerTestIP4JsonEEcl
FNDA:0,_ZN7testing8internal15IsContainerTestIP5arrayEEcl
FNDA:0,_ZN7testing8internal15IsContainerTestIiEEcl
FNDA:0,_ZN7testing8internal15IsContainerTestIP9arrayNodeEEcl
FNDA:0,_ZN7testing8internal15IsContainerTestIP8JsonNodeEEcl
FNDA:0,_ZN7testing8internal15IsContainerTestIPKvEEcl
FNF:91
FNH:84
DA:466,20
DA:473,20
DA:482,60
DA:484,20
DA:504,60
DA:505,20
DA:940,0
LF:7
LH:6
end_of_record
SF:/usr/include/gtest/internal/gtest-port.h
FN:1120,_ZN7testing8internal10scoped_ptrINSt7__cxx1112basic_stringIcSt11char_traitsIcESaIcEEEED2Ev
FN:1120,_ZN7testing8internal10scoped_ptrINSt7__cxx1118basic_stringstreamIcSt11char_traitsIcESaIcEEEED2Ev
FN:1123,_ZNK7testing8internal10scoped_ptrINSt7__cxx1112basic_stringIcSt11char_traitsIcESaIcEEEEptEv
FN:1124,_ZNK7testing8internal10scoped_ptrINSt7__cxx1112basic_stringIcSt11char_traitsIcESaIcEEEE3getEv
FN:1132,_ZN7testing8internal10scoped_ptrINSt7__cxx1118basic_stringstreamIcSt11char_traitsIcESaIcEEEE5resetEPS7_
FN:1132,_ZN7testing8internal10scoped_ptrINSt7__cxx1112basic_stringIcSt11char_traitsIcESaIcEEEE5resetEPS7_
FNDA:33,_ZN7testing8internal10scoped_ptrINSt7__cxx1112basic_stringIcSt11char_traitsIcESaIcEEEED2Ev
FNDA:119,_ZN7testing8internal10scoped_ptrINSt7__cxx1118basic_stringstreamIcSt11char_traitsIcESaIcEEEED2Ev
FNDA:0,_ZNK7testing8internal10scoped_ptrINSt7__cxx1112basic_stringIcSt11char_traitsIcESaIcEEEEptEv
FNDA:0,_ZNK7testing8internal10scoped_ptrINSt7__cxx1112basic_stringIcSt11char_traitsIcESaIcEEEE3getEv
FNDA:119,_ZN7testing8internal10scoped_ptrINSt7__cxx1118basic_stringstreamIcSt11char_traitsIcESaIcEEEE5resetEPS7_
FNDA:33,_ZN7testing8internal10scoped_ptrINSt7__cxx1112basic_stringIcSt11char_traitsIcESaIcEEEE5resetEPS7_
FNF:6
FNH:4
DA:1120,152
DA:1123,0
DA:1124,0
DA:1132,152
DA:1133,152
DA:1134,119
DA:1135,119
DA:1137,119
DA:1139,152
LF:9
LH:7
end_of_record
SF:/home/simon/Documents/code/sangfor/cvJson/gtest/constructApi_test.cc
FN:7,_ZN28json_new_objTest_Normal_TestD0Ev
FN:7,_ZN28json_new_objTest_Normal_TestC2Ev
FN:7,_ZN28json_new_objTest_Normal_TestD2Ev
FN:7,_ZN28json_new_objTest_Normal_Test8TestBodyEv
FN:16,_ZN28json_new_arrTest_Normal_TestD2Ev
FN:16,_ZN28json_new_arrTest_Normal_TestD0Ev
FN:16,_ZN28json_new_arrTest_Normal_Test8TestBodyEv
FN:16,_ZN28json_new_arrTest_Normal_TestC2Ev
FN:21,_ZN28json_add_objTest_Normal_TestD2Ev
FN:21,_ZN28json_add_objTest_Normal_TestD0Ev
FN:21,_ZN28json_add_objTest_Normal_Test8TestBodyEv
FN:21,_ZN28json_add_objTest_Normal_TestC2Ev
FN:66,_ZN27arr_add_objTest_Normal_TestD0Ev
FN:66,_ZN27arr_add_objTest_Normal_Test8TestBodyEv
FN:66,_ZN27arr_add_objTest_Normal_TestC2Ev
FN:66,_ZN27arr_add_objTest_Normal_TestD2Ev
FN:80,_ZN31json_create_arrTest_Normal_TestC2Ev
FN:80,_ZN31json_create_arrTest_Normal_TestD2Ev
FN:80,_ZN31json_create_arrTest_Normal_Test8TestBodyEv
FN:80,_ZN31json_create_arrTest_Normal_TestD0Ev
FN:89,_ZN32json_create_jsonTest_Normal_TestC2Ev
FN:89,_ZN32json_create_jsonTest_Normal_TestD0Ev
FN:89,_ZN32json_create_jsonTest_Normal_Test8TestBodyEv
FN:89,_ZN32json_create_jsonTest_Normal_TestD2Ev
FN:98,_ZN43json_create_bool_json_create_bool_TEST_Test8TestBodyEv
FN:98,_ZN43json_create_bool_json_create_bool_TEST_TestC2Ev
FN:98,_ZN43json_create_bool_json_create_bool_TEST_TestD2Ev
FN:98,_ZN43json_create_bool_json_create_bool_TEST_TestD0Ev
FN:102,_ZN41json_create_int_json_create_int_TEST_Test8TestBodyEv
FN:102,_ZN41json_create_int_json_create_int_TEST_TestD0Ev
FN:102,_ZN41json_create_int_json_create_int_TEST_TestD2Ev
FN:102,_ZN41json_create_int_json_create_int_TEST_TestC2Ev
FN:109,_ZN41json_create_str_json_create_str_TEST_TestC2Ev
FN:109,_ZN41json_create_str_json_create_str_TEST_TestD0Ev
FN:109,_ZN41json_create_str_json_create_str_TEST_TestD2Ev
FN:109,_ZN41json_create_str_json_create_str_TEST_Test8TestBodyEv
FN:116,_ZN39arr_create_int_arr_create_int_TEST_Test8TestBodyEv
FN:116,_ZN39arr_create_int_arr_create_int_TEST_TestD0Ev
FN:116,_ZN39arr_create_int_arr_create_int_TEST_TestD2Ev
FN:116,_ZN39arr_create_int_arr_create_int_TEST_TestC2Ev
FN:122,_ZN39arr_create_str_arr_create_str_TEST_TestC2Ev
FN:122,_ZN39arr_create_str_arr_create_str_TEST_TestD0Ev
FN:122,_ZN39arr_create_str_arr_create_str_TEST_TestD2Ev
FN:122,_ZN39arr_create_str_arr_create_str_TEST_Test8TestBodyEv
FN:128,_ZN41arr_create_bool_arr_create_bool_TEST_TestD2Ev
FN:128,_ZN41arr_create_bool_arr_create_bool_TEST_Test8TestBodyEv
FN:128,_ZN41arr_create_bool_arr_create_bool_TEST_TestC2Ev
FN:128,_ZN41arr_create_bool_arr_create_bool_TEST_TestD0Ev
FN:134,_ZN39arr_create_arr_arr_create_arr_TEST_Test8TestBodyEv
FN:134,_ZN39arr_create_arr_arr_create_arr_TEST_TestD2Ev
FN:134,_ZN39arr_create_arr_arr_create_arr_TEST_TestD0Ev
FN:134,_ZN39arr_create_arr_arr_create_arr_TEST_TestC2Ev
FN:142,_ZN31arr_create_jsonTest_Normal_Test8TestBodyEv
FN:142,_ZN31arr_create_jsonTest_Normal_TestC2Ev
FN:142,_ZN31arr_create_jsonTest_Normal_TestD2Ev
FN:142,_ZN31arr_create_jsonTest_Normal_TestD0Ev
FN:160,_ZN28json_get_intTest_Normal_TestD2Ev
FN:160,_ZN28json_get_intTest_Normal_Test8TestBodyEv
FN:160,_ZN28json_get_intTest_Normal_TestD0Ev
FN:160,_ZN28json_get_intTest_Normal_TestC2Ev
FN:168,_ZN29json_get_boolTest_Normal_TestD2Ev
FN:168,_ZN29json_get_boolTest_Normal_TestC2Ev
FN:168,_ZN29json_get_boolTest_Normal_TestD0Ev
FN:168,_ZN29json_get_boolTest_Normal_Test8TestBodyEv
FN:178,_ZN28json_get_strTest_Normal_TestC2Ev
FN:178,_ZN28json_get_strTest_Normal_Test8TestBodyEv
FN:178,_ZN28json_get_strTest_Normal_TestD0Ev
FN:178,_ZN28json_get_strTest_Normal_TestD2Ev
FN:187,_ZN33json_get_arr_jsonTest_Normal_TestD2Ev
FN:187,_ZN33json_get_arr_jsonTest_Normal_TestC2Ev
FN:187,_ZN33json_get_arr_jsonTest_Normal_Test8TestBodyEv
FN:187,_ZN33json_get_arr_jsonTest_Normal_TestD0Ev
FN:198,_ZN29json_get_jsonTest_Normal_Test8TestBodyEv
FN:198,_ZN29json_get_jsonTest_Normal_TestD2Ev
FN:198,_ZN29json_get_jsonTest_Normal_TestC2Ev
FN:198,_ZN29json_get_jsonTest_Normal_TestD0Ev
FN:206,_ZN26json_printTest_Normal_TestD2Ev
FN:206,_ZN26json_printTest_Normal_TestC2Ev
FN:206,_ZN26json_printTest_Normal_Test8TestBodyEv
FN:206,_ZN26json_printTest_Normal_TestD0Ev
FN:250,_Z41__static_initialization_and_destruction_0ii
FN:250,_GLOBAL__sub_I__ZN28json_new_objTest_Normal_Test10test_info_E
FNDA:1,_ZN28json_new_objTest_Normal_TestD0Ev
FNDA:1,_ZN28json_new_objTest_Normal_TestD2Ev
FNDA:1,_ZN28json_new_objTest_Normal_Test8TestBodyEv
FNDA:1,_ZN28json_new_objTest_Normal_TestC2Ev
FNDA:1,_ZN28json_new_arrTest_Normal_TestD0Ev
FNDA:1,_ZN28json_new_arrTest_Normal_TestD2Ev
FNDA:1,_ZN28json_new_arrTest_Normal_Test8TestBodyEv
FNDA:1,_ZN28json_new_arrTest_Normal_TestC2Ev
FNDA:1,_ZN28json_add_objTest_Normal_TestD0Ev
FNDA:1,_ZN28json_add_objTest_Normal_TestD2Ev
FNDA:1,_ZN28json_add_objTest_Normal_Test8TestBodyEv
FNDA:1,_ZN28json_add_objTest_Normal_TestC2Ev
FNDA:1,_ZN27arr_add_objTest_Normal_TestD0Ev
FNDA:1,_ZN27arr_add_objTest_Normal_TestD2Ev
FNDA:1,_ZN27arr_add_objTest_Normal_Test8TestBodyEv
FNDA:1,_ZN27arr_add_objTest_Normal_TestC2Ev
FNDA:1,_ZN31json_create_arrTest_Normal_TestD0Ev
FNDA:1,_ZN31json_create_arrTest_Normal_TestD2Ev
FNDA:1,_ZN31json_create_arrTest_Normal_Test8TestBodyEv
FNDA:1,_ZN31json_create_arrTest_Normal_TestC2Ev
FNDA:1,_ZN32json_create_jsonTest_Normal_TestD0Ev
FNDA:1,_ZN32json_create_jsonTest_Normal_TestD2Ev
FNDA:1,_ZN32json_create_jsonTest_Normal_Test8TestBodyEv
FNDA:1,_ZN32json_create_jsonTest_Normal_TestC2Ev
FNDA:1,_ZN43json_create_bool_json_create_bool_TEST_TestD0Ev
FNDA:1,_ZN43json_create_bool_json_create_bool_TEST_TestD2Ev
FNDA:1,_ZN43json_create_bool_json_create_bool_TEST_Test8TestBodyEv
FNDA:1,_ZN43json_create_bool_json_create_bool_TEST_TestC2Ev
FNDA:1,_ZN41json_create_int_json_create_int_TEST_TestD0Ev
FNDA:1,_ZN41json_create_int_json_create_int_TEST_TestD2Ev
FNDA:1,_ZN41json_create_int_json_create_int_TEST_Test8TestBodyEv
FNDA:1,_ZN41json_create_int_json_create_int_TEST_TestC2Ev
FNDA:1,_ZN41json_create_str_json_create_str_TEST_TestD0Ev
FNDA:1,_ZN41json_create_str_json_create_str_TEST_TestD2Ev
FNDA:1,_ZN41json_create_str_json_create_str_TEST_Test8TestBodyEv
FNDA:1,_ZN41json_create_str_json_create_str_TEST_TestC2Ev
FNDA:1,_ZN39arr_create_int_arr_create_int_TEST_TestD0Ev
FNDA:1,_ZN39arr_create_int_arr_create_int_TEST_TestD2Ev
FNDA:1,_ZN39arr_create_int_arr_create_int_TEST_Test8TestBodyEv
FNDA:1,_ZN39arr_create_int_arr_create_int_TEST_TestC2Ev
FNDA:1,_ZN39arr_create_str_arr_create_str_TEST_TestD0Ev
FNDA:1,_ZN39arr_create_str_arr_create_str_TEST_TestD2Ev
FNDA:1,_ZN39arr_create_str_arr_create_str_TEST_Test8TestBodyEv
FNDA:1,_ZN39arr_create_str_arr_create_str_TEST_TestC2Ev
FNDA:1,_ZN41arr_create_bool_arr_create_bool_TEST_TestD0Ev
FNDA:1,_ZN41arr_create_bool_arr_create_bool_TEST_TestD2Ev
FNDA:1,_ZN41arr_create_bool_arr_create_bool_TEST_Test8TestBodyEv
FNDA:1,_ZN41arr_create_bool_arr_create_bool_TEST_TestC2Ev
FNDA:1,_ZN39arr_create_arr_arr_create_arr_TEST_TestD0Ev
FNDA:1,_ZN39arr_create_arr_arr_create_arr_TEST_TestD2Ev
FNDA:1,_ZN39arr_create_arr_arr_create_arr_TEST_Test8TestBodyEv
FNDA:1,_ZN39arr_create_arr_arr_create_arr_TEST_TestC2Ev
FNDA:1,_ZN31arr_create_jsonTest_Normal_TestD0Ev
FNDA:1,_ZN31arr_create_jsonTest_Normal_TestD2Ev
FNDA:1,_ZN31arr_create_jsonTest_Normal_Test8TestBodyEv
FNDA:1,_ZN31arr_create_jsonTest_Normal_TestC2Ev
FNDA:1,_ZN28json_get_intTest_Normal_TestD0Ev
FNDA:1,_ZN28json_get_intTest_Normal_TestD2Ev
FNDA:1,_ZN28json_get_intTest_Normal_Test8TestBodyEv
FNDA:1,_ZN28json_get_intTest_Normal_TestC2Ev
FNDA:1,_ZN29json_get_boolTest_Normal_TestD0Ev
FNDA:1,_ZN29json_get_boolTest_Normal_TestD2Ev
FNDA:1,_ZN29json_get_boolTest_Normal_Test8TestBodyEv
FNDA:1,_ZN29json_get_boolTest_Normal_TestC2Ev
FNDA:1,_ZN28json_get_strTest_Normal_TestD0Ev
FNDA:1,_ZN28json_get_strTest_Normal_TestD2Ev
FNDA:1,_ZN28json_get_strTest_Normal_Test8TestBodyEv
FNDA:1,_ZN28json_get_strTest_Normal_TestC2Ev
FNDA:1,_ZN33json_get_arr_jsonTest_Normal_TestD0Ev
FNDA:1,_ZN33json_get_arr_jsonTest_Normal_TestD2Ev
FNDA:1,_ZN33json_get_arr_jsonTest_Normal_Test8TestBodyEv
FNDA:1,_ZN33json_get_arr_jsonTest_Normal_TestC2Ev
FNDA:1,_ZN29json_get_jsonTest_Normal_TestD0Ev
FNDA:1,_ZN29json_get_jsonTest_Normal_TestD2Ev
FNDA:1,_ZN29json_get_jsonTest_Normal_Test8TestBodyEv
FNDA:1,_ZN29json_get_jsonTest_Normal_TestC2Ev
FNDA:1,_ZN26json_printTest_Normal_TestD0Ev
FNDA:1,_ZN26json_printTest_Normal_TestD2Ev
FNDA:1,_ZN26json_printTest_Normal_Test8TestBodyEv
FNDA:1,_ZN26json_printTest_Normal_TestC2Ev
FNDA:1,_GLOBAL__sub_I__ZN28json_new_objTest_Normal_Test10test_info_E
FNDA:1,_Z41__static_initialization_and_destruction_0ii
FNF:82
FNH:82
DA:7,5
DA:11,1
DA:14,1
DA:16,5
DA:17,1
DA:19,1
DA:21,5
DA:22,1
DA:23,1
DA:24,1
DA:25,1
DA:26,1
DA:27,1
DA:28,1
DA:29,1
DA:30,1
DA:31,1
DA:44,1
DA:45,1
DA:46,1
DA:47,1
DA:48,1
DA:66,5
DA:67,1
DA:68,1
DA:69,1
DA:70,1
DA:72,1
DA:73,1
DA:74,1
DA:75,1
DA:76,1
DA:78,1
DA:80,5
DA:81,1
DA:82,1
DA:83,1
DA:85,1
DA:87,1
DA:89,5
DA:90,1
DA:91,1
DA:92,1
DA:93,1
DA:95,1
DA:96,1
DA:98,5
DA:99,1
DA:100,1
DA:102,5
DA:103,1
DA:104,1
DA:105,1
DA:106,1
DA:107,1
DA:109,5
DA:110,1
DA:111,1
DA:112,1
DA:113,1
DA:114,1
DA:116,5
DA:117,1
DA:118,1
DA:119,1
DA:120,1
DA:122,5
DA:123,1
DA:124,1
DA:125,1
DA:126,1
DA:128,5
DA:129,1
DA:130,1
DA:131,1
DA:132,1
DA:134,5
DA:135,1
DA:136,1
DA:137,1
DA:138,1
DA:139,1
DA:140,1
DA:142,5
DA:143,1
DA:144,1
DA:145,1
DA:146,1
DA:147,1
DA:160,5
DA:161,1
DA:162,1
DA:163,1
DA:164,1
DA:165,1
DA:166,1
DA:168,5
DA:169,1
DA:170,1
DA:171,1
DA:172,1
DA:173,1
DA:174,1
DA:175,1
DA:176,1
DA:178,5
DA:179,1
DA:180,1
DA:181,1
DA:182,1
DA:183,1
DA:185,1
DA:187,5
DA:188,1
DA:189,1
DA:190,1
DA:191,1
DA:192,1
DA:193,1
DA:194,1
DA:196,1
DA:198,5
DA:199,1
DA:200,1
DA:201,1
DA:202,1
DA:203,1
DA:204,1
DA:206,5
DA:207,1
DA:208,1
DA:209,1
DA:210,1
DA:211,1
DA:212,1
DA:214,1
DA:215,1
DA:217,1
DA:218,1
DA:219,1
DA:220,1
DA:221,1
DA:222,1
DA:223,1
DA:224,1
DA:225,1
DA:226,1
DA:227,1
DA:229,1
DA:230,1
DA:231,1
DA:232,1
DA:233,1
DA:234,1
DA:235,1
DA:236,1
DA:237,1
DA:238,1
DA:239,1
DA:240,1
DA:241,1
DA:242,1
DA:243,1
DA:244,1
DA:246,1
DA:247,1
DA:248,1
DA:250,4
LF:168
LH:168
end_of_record
